<html>
<head>
<title>TestNG:  Test</title>
<link href="../testng.css" rel="stylesheet" type="text/css" />
<link href="../my-testng.css" rel="stylesheet" type="text/css" />

<style type="text/css">
.log { display: none;} 
.stack-trace { display: none;} 
</style>
<script type="text/javascript">
<!--
function flip(e) {
  current = e.style.display;
  if (current == 'block') {
    e.style.display = 'none';
    return 0;
  }
  else {
    e.style.display = 'block';
    return 1;
  }
}

function toggleBox(szDivId, elem, msg1, msg2)
{
  var res = -1;  if (document.getElementById) {
    res = flip(document.getElementById(szDivId));
  }
  else if (document.all) {
    // this is the way old msie versions work
    res = flip(document.all[szDivId]);
  }
  if(elem) {
    if(res == 0) elem.innerHTML = msg1; else elem.innerHTML = msg2;
  }

}

function toggleAllBoxes() {
  if (document.getElementsByTagName) {
    d = document.getElementsByTagName('div');
    for (i = 0; i < d.length; i++) {
      if (d[i].className == 'log') {
        flip(d[i]);
      }
    }
  }
}

// -->
</script>

</head>
<body>
<h2 align='center'>Test</h2><table border='1' align="center">
<tr>
<td>Tests passed/Failed/Skipped:</td><td>14/4/0</td>
</tr><tr>
<td>Started on:</td><td>Fri Jan 26 19:38:51 IST 2024</td>
</tr>
<tr><td>Total time:</td><td>57 seconds (57972 ms)</td>
</tr><tr>
<td>Included groups:</td><td></td>
</tr><tr>
<td>Excluded groups:</td><td></td>
</tr>
</table><p/>
<small><i>(Hover the method name to see the test class name)</i></small><p/>
<table width='100%' border='1' class='invocation-failed'>
<tr><td colspan='4' align='center'><b>FAILED TESTS</b></td></tr>
<tr><td><b>Test method</b></td>
<td width="30%"><b>Exception</b></td>
<td width="10%"><b>Time (seconds)</b></td>
<td><b>Instance</b></td>
</tr>
<tr>
<td title='com.employeeapi.testcases.TC04_Put_Employee.contenttypecheck()'><b>contenttypecheck</b><br>Test class: com.employeeapi.testcases.TC04_Put_Employee</td>
<td><div><pre>java.lang.AssertionError: expected [application/json] but found [text/html; charset=utf-8]
	at com.employeeapi.base.TestBase.checkContentType(TestBase.java:74)
	at com.employeeapi.testcases.TC04_Put_Employee.contenttypecheck(TC04_Put_Employee.java:58)
... Removed 31 stack frames</pre></div><a href='#' onClick='toggleBox("stack-trace1130153977", this, "Click to show all stack frames", "Click to hide stack frames")'>Click to show all stack frames</a>
<div class='stack-trace' id='stack-trace1130153977'><pre>java.lang.AssertionError: expected [application/json] but found [text/html; charset=utf-8]
	at org.testng.Assert.fail(Assert.java:96)
	at org.testng.Assert.failNotEquals(Assert.java:776)
	at org.testng.Assert.assertEqualsImpl(Assert.java:137)
	at org.testng.Assert.assertEquals(Assert.java:118)
	at org.testng.Assert.assertEquals(Assert.java:453)
	at org.testng.Assert.assertEquals(Assert.java:463)
	at com.employeeapi.base.TestBase.checkContentType(TestBase.java:74)
	at com.employeeapi.testcases.TC04_Put_Employee.contenttypecheck(TC04_Put_Employee.java:58)
	at java.base/jdk.internal.reflect.NativeMethodAccessorImpl.invoke0(Native Method)
	at java.base/jdk.internal.reflect.NativeMethodAccessorImpl.invoke(NativeMethodAccessorImpl.java:62)
	at java.base/jdk.internal.reflect.DelegatingMethodAccessorImpl.invoke(DelegatingMethodAccessorImpl.java:43)
	at java.base/java.lang.reflect.Method.invoke(Method.java:566)
	at org.testng.internal.MethodInvocationHelper.invokeMethod(MethodInvocationHelper.java:124)
	at org.testng.internal.Invoker.invokeMethod(Invoker.java:571)
	at org.testng.internal.Invoker.invokeTestMethod(Invoker.java:707)
	at org.testng.internal.Invoker.invokeTestMethods(Invoker.java:979)
	at org.testng.internal.TestMethodWorker.invokeTestMethods(TestMethodWorker.java:125)
	at org.testng.internal.TestMethodWorker.run(TestMethodWorker.java:109)
	at org.testng.TestRunner.privateRun(TestRunner.java:648)
	at org.testng.TestRunner.run(TestRunner.java:505)
	at org.testng.SuiteRunner.runTest(SuiteRunner.java:455)
	at org.testng.SuiteRunner.runSequentially(SuiteRunner.java:450)
	at org.testng.SuiteRunner.privateRun(SuiteRunner.java:415)
	at org.testng.SuiteRunner.run(SuiteRunner.java:364)
	at org.testng.SuiteRunnerWorker.runSuite(SuiteRunnerWorker.java:52)
	at org.testng.SuiteRunnerWorker.run(SuiteRunnerWorker.java:84)
	at org.testng.TestNG.runSuitesSequentially(TestNG.java:1187)
	at org.testng.TestNG.runSuitesLocally(TestNG.java:1116)
	at org.testng.TestNG.runSuites(TestNG.java:1028)
	at org.testng.TestNG.run(TestNG.java:996)
	at org.testng.remote.AbstractRemoteTestNG.run(AbstractRemoteTestNG.java:114)
	at org.testng.remote.RemoteTestNG.initAndRun(RemoteTestNG.java:251)
	at org.testng.remote.RemoteTestNG.main(RemoteTestNG.java:77)
</pre></div></td>
<td>0</td>
<td>com.employeeapi.testcases.TC04_Put_Employee@7530ad9c</td></tr>
<tr>
<td title='com.employeeapi.testcases.TC05_Delete_Employee_Record.responsebodycheck()'><b>responsebodycheck</b><br>Test class: com.employeeapi.testcases.TC05_Delete_Employee_Record</td>
<td><div><pre>java.lang.AssertionError: expected [true] but found [false]
	at com.employeeapi.testcases.TC05_Delete_Employee_Record.responsebodycheck(TC05_Delete_Employee_Record.java:41)
... Removed 31 stack frames</pre></div><a href='#' onClick='toggleBox("stack-trace1731406622", this, "Click to show all stack frames", "Click to hide stack frames")'>Click to show all stack frames</a>
<div class='stack-trace' id='stack-trace1731406622'><pre>java.lang.AssertionError: expected [true] but found [false]
	at org.testng.Assert.fail(Assert.java:96)
	at org.testng.Assert.failNotEquals(Assert.java:776)
	at org.testng.Assert.assertEqualsImpl(Assert.java:137)
	at org.testng.Assert.assertEquals(Assert.java:118)
	at org.testng.Assert.assertEquals(Assert.java:568)
	at org.testng.Assert.assertEquals(Assert.java:578)
	at com.employeeapi.testcases.TC05_Delete_Employee_Record.responsebodycheck(TC05_Delete_Employee_Record.java:41)
	at java.base/jdk.internal.reflect.NativeMethodAccessorImpl.invoke0(Native Method)
	at java.base/jdk.internal.reflect.NativeMethodAccessorImpl.invoke(NativeMethodAccessorImpl.java:62)
	at java.base/jdk.internal.reflect.DelegatingMethodAccessorImpl.invoke(DelegatingMethodAccessorImpl.java:43)
	at java.base/java.lang.reflect.Method.invoke(Method.java:566)
	at org.testng.internal.MethodInvocationHelper.invokeMethod(MethodInvocationHelper.java:124)
	at org.testng.internal.Invoker.invokeMethod(Invoker.java:571)
	at org.testng.internal.Invoker.invokeTestMethod(Invoker.java:707)
	at org.testng.internal.Invoker.invokeTestMethods(Invoker.java:979)
	at org.testng.internal.TestMethodWorker.invokeTestMethods(TestMethodWorker.java:125)
	at org.testng.internal.TestMethodWorker.run(TestMethodWorker.java:109)
	at org.testng.TestRunner.privateRun(TestRunner.java:648)
	at org.testng.TestRunner.run(TestRunner.java:505)
	at org.testng.SuiteRunner.runTest(SuiteRunner.java:455)
	at org.testng.SuiteRunner.runSequentially(SuiteRunner.java:450)
	at org.testng.SuiteRunner.privateRun(SuiteRunner.java:415)
	at org.testng.SuiteRunner.run(SuiteRunner.java:364)
	at org.testng.SuiteRunnerWorker.runSuite(SuiteRunnerWorker.java:52)
	at org.testng.SuiteRunnerWorker.run(SuiteRunnerWorker.java:84)
	at org.testng.TestNG.runSuitesSequentially(TestNG.java:1187)
	at org.testng.TestNG.runSuitesLocally(TestNG.java:1116)
	at org.testng.TestNG.runSuites(TestNG.java:1028)
	at org.testng.TestNG.run(TestNG.java:996)
	at org.testng.remote.AbstractRemoteTestNG.run(AbstractRemoteTestNG.java:114)
	at org.testng.remote.RemoteTestNG.initAndRun(RemoteTestNG.java:251)
	at org.testng.remote.RemoteTestNG.main(RemoteTestNG.java:77)
</pre></div></td>
<td>0</td>
<td>com.employeeapi.testcases.TC05_Delete_Employee_Record@58a9760d</td></tr>
<tr>
<td title='com.employeeapi.testcases.TC04_Put_Employee.statuscodecheck()'><b>statuscodecheck</b><br>Test class: com.employeeapi.testcases.TC04_Put_Employee</td>
<td><div><pre>java.lang.AssertionError: expected [200] but found [520]
	at com.employeeapi.base.TestBase.checkstatuscode(TestBase.java:55)
	at com.employeeapi.testcases.TC04_Put_Employee.statuscodecheck(TC04_Put_Employee.java:46)
... Removed 31 stack frames</pre></div><a href='#' onClick='toggleBox("stack-trace2140396878", this, "Click to show all stack frames", "Click to hide stack frames")'>Click to show all stack frames</a>
<div class='stack-trace' id='stack-trace2140396878'><pre>java.lang.AssertionError: expected [200] but found [520]
	at org.testng.Assert.fail(Assert.java:96)
	at org.testng.Assert.failNotEquals(Assert.java:776)
	at org.testng.Assert.assertEqualsImpl(Assert.java:137)
	at org.testng.Assert.assertEquals(Assert.java:118)
	at org.testng.Assert.assertEquals(Assert.java:652)
	at org.testng.Assert.assertEquals(Assert.java:662)
	at com.employeeapi.base.TestBase.checkstatuscode(TestBase.java:55)
	at com.employeeapi.testcases.TC04_Put_Employee.statuscodecheck(TC04_Put_Employee.java:46)
	at java.base/jdk.internal.reflect.NativeMethodAccessorImpl.invoke0(Native Method)
	at java.base/jdk.internal.reflect.NativeMethodAccessorImpl.invoke(NativeMethodAccessorImpl.java:62)
	at java.base/jdk.internal.reflect.DelegatingMethodAccessorImpl.invoke(DelegatingMethodAccessorImpl.java:43)
	at java.base/java.lang.reflect.Method.invoke(Method.java:566)
	at org.testng.internal.MethodInvocationHelper.invokeMethod(MethodInvocationHelper.java:124)
	at org.testng.internal.Invoker.invokeMethod(Invoker.java:571)
	at org.testng.internal.Invoker.invokeTestMethod(Invoker.java:707)
	at org.testng.internal.Invoker.invokeTestMethods(Invoker.java:979)
	at org.testng.internal.TestMethodWorker.invokeTestMethods(TestMethodWorker.java:125)
	at org.testng.internal.TestMethodWorker.run(TestMethodWorker.java:109)
	at org.testng.TestRunner.privateRun(TestRunner.java:648)
	at org.testng.TestRunner.run(TestRunner.java:505)
	at org.testng.SuiteRunner.runTest(SuiteRunner.java:455)
	at org.testng.SuiteRunner.runSequentially(SuiteRunner.java:450)
	at org.testng.SuiteRunner.privateRun(SuiteRunner.java:415)
	at org.testng.SuiteRunner.run(SuiteRunner.java:364)
	at org.testng.SuiteRunnerWorker.runSuite(SuiteRunnerWorker.java:52)
	at org.testng.SuiteRunnerWorker.run(SuiteRunnerWorker.java:84)
	at org.testng.TestNG.runSuitesSequentially(TestNG.java:1187)
	at org.testng.TestNG.runSuitesLocally(TestNG.java:1116)
	at org.testng.TestNG.runSuites(TestNG.java:1028)
	at org.testng.TestNG.run(TestNG.java:996)
	at org.testng.remote.AbstractRemoteTestNG.run(AbstractRemoteTestNG.java:114)
	at org.testng.remote.RemoteTestNG.initAndRun(RemoteTestNG.java:251)
	at org.testng.remote.RemoteTestNG.main(RemoteTestNG.java:77)
</pre></div></td>
<td>0</td>
<td>com.employeeapi.testcases.TC04_Put_Employee@7530ad9c</td></tr>
<tr>
<td title='com.employeeapi.testcases.TC04_Put_Employee.statuslinecheck()'><b>statuslinecheck</b><br>Test class: com.employeeapi.testcases.TC04_Put_Employee</td>
<td><div><pre>java.lang.AssertionError: expected [HTTP/1.1 200 OK] but found [HTTP/1.1 520 status code 520]
	at com.employeeapi.base.TestBase.checkstatusline(TestBase.java:65)
	at com.employeeapi.testcases.TC04_Put_Employee.statuslinecheck(TC04_Put_Employee.java:52)
... Removed 31 stack frames</pre></div><a href='#' onClick='toggleBox("stack-trace987255094", this, "Click to show all stack frames", "Click to hide stack frames")'>Click to show all stack frames</a>
<div class='stack-trace' id='stack-trace987255094'><pre>java.lang.AssertionError: expected [HTTP/1.1 200 OK] but found [HTTP/1.1 520 status code 520]
	at org.testng.Assert.fail(Assert.java:96)
	at org.testng.Assert.failNotEquals(Assert.java:776)
	at org.testng.Assert.assertEqualsImpl(Assert.java:137)
	at org.testng.Assert.assertEquals(Assert.java:118)
	at org.testng.Assert.assertEquals(Assert.java:453)
	at org.testng.Assert.assertEquals(Assert.java:463)
	at com.employeeapi.base.TestBase.checkstatusline(TestBase.java:65)
	at com.employeeapi.testcases.TC04_Put_Employee.statuslinecheck(TC04_Put_Employee.java:52)
	at java.base/jdk.internal.reflect.NativeMethodAccessorImpl.invoke0(Native Method)
	at java.base/jdk.internal.reflect.NativeMethodAccessorImpl.invoke(NativeMethodAccessorImpl.java:62)
	at java.base/jdk.internal.reflect.DelegatingMethodAccessorImpl.invoke(DelegatingMethodAccessorImpl.java:43)
	at java.base/java.lang.reflect.Method.invoke(Method.java:566)
	at org.testng.internal.MethodInvocationHelper.invokeMethod(MethodInvocationHelper.java:124)
	at org.testng.internal.Invoker.invokeMethod(Invoker.java:571)
	at org.testng.internal.Invoker.invokeTestMethod(Invoker.java:707)
	at org.testng.internal.Invoker.invokeTestMethods(Invoker.java:979)
	at org.testng.internal.TestMethodWorker.invokeTestMethods(TestMethodWorker.java:125)
	at org.testng.internal.TestMethodWorker.run(TestMethodWorker.java:109)
	at org.testng.TestRunner.privateRun(TestRunner.java:648)
	at org.testng.TestRunner.run(TestRunner.java:505)
	at org.testng.SuiteRunner.runTest(SuiteRunner.java:455)
	at org.testng.SuiteRunner.runSequentially(SuiteRunner.java:450)
	at org.testng.SuiteRunner.privateRun(SuiteRunner.java:415)
	at org.testng.SuiteRunner.run(SuiteRunner.java:364)
	at org.testng.SuiteRunnerWorker.runSuite(SuiteRunnerWorker.java:52)
	at org.testng.SuiteRunnerWorker.run(SuiteRunnerWorker.java:84)
	at org.testng.TestNG.runSuitesSequentially(TestNG.java:1187)
	at org.testng.TestNG.runSuitesLocally(TestNG.java:1116)
	at org.testng.TestNG.runSuites(TestNG.java:1028)
	at org.testng.TestNG.run(TestNG.java:996)
	at org.testng.remote.AbstractRemoteTestNG.run(AbstractRemoteTestNG.java:114)
	at org.testng.remote.RemoteTestNG.initAndRun(RemoteTestNG.java:251)
	at org.testng.remote.RemoteTestNG.main(RemoteTestNG.java:77)
</pre></div></td>
<td>0</td>
<td>com.employeeapi.testcases.TC04_Put_Employee@7530ad9c</td></tr>
</table><p>
<table width='100%' border='1' class='invocation-passed'>
<tr><td colspan='4' align='center'><b>PASSED TESTS</b></td></tr>
<tr><td><b>Test method</b></td>
<td width="30%"><b>Exception</b></td>
<td width="10%"><b>Time (seconds)</b></td>
<td><b>Instance</b></td>
</tr>
<tr>
<td title='com.employeeapi.testcases.TC01_GetAllEmployees.contenttypecheck()'><b>contenttypecheck</b><br>Test class: com.employeeapi.testcases.TC01_GetAllEmployees</td>
<td></td>
<td>0</td>
<td>com.employeeapi.testcases.TC01_GetAllEmployees@5fbe4146</td></tr>
<tr>
<td title='com.employeeapi.testcases.TC02_Get_Single_Employees_Record.contenttypecheck()'><b>contenttypecheck</b><br>Test class: com.employeeapi.testcases.TC02_Get_Single_Employees_Record</td>
<td></td>
<td>0</td>
<td>com.employeeapi.testcases.TC02_Get_Single_Employees_Record@1e66f1f5</td></tr>
<tr>
<td title='com.employeeapi.testcases.TC03_PostNewEmployee.contenttypecheck()'><b>contenttypecheck</b><br>Test class: com.employeeapi.testcases.TC03_PostNewEmployee</td>
<td></td>
<td>0</td>
<td>com.employeeapi.testcases.TC03_PostNewEmployee@4e50c791</td></tr>
<tr>
<td title='com.employeeapi.testcases.TC01_GetAllEmployees.responsebodycheck()'><b>responsebodycheck</b><br>Test class: com.employeeapi.testcases.TC01_GetAllEmployees</td>
<td></td>
<td>0</td>
<td>com.employeeapi.testcases.TC01_GetAllEmployees@5fbe4146</td></tr>
<tr>
<td title='com.employeeapi.testcases.TC02_Get_Single_Employees_Record.responsebodycheck()'><b>responsebodycheck</b><br>Test class: com.employeeapi.testcases.TC02_Get_Single_Employees_Record</td>
<td></td>
<td>0</td>
<td>com.employeeapi.testcases.TC02_Get_Single_Employees_Record@1e66f1f5</td></tr>
<tr>
<td title='com.employeeapi.testcases.TC03_PostNewEmployee.responsebodycheck()'><b>responsebodycheck</b><br>Test class: com.employeeapi.testcases.TC03_PostNewEmployee</td>
<td></td>
<td>0</td>
<td>com.employeeapi.testcases.TC03_PostNewEmployee@4e50c791</td></tr>
<tr>
<td title='com.employeeapi.testcases.TC04_Put_Employee.responsebodycheck()'><b>responsebodycheck</b><br>Test class: com.employeeapi.testcases.TC04_Put_Employee</td>
<td></td>
<td>0</td>
<td>com.employeeapi.testcases.TC04_Put_Employee@7530ad9c</td></tr>
<tr>
<td title='com.employeeapi.testcases.TC01_GetAllEmployees.statuscodecheck()'><b>statuscodecheck</b><br>Test class: com.employeeapi.testcases.TC01_GetAllEmployees</td>
<td></td>
<td>0</td>
<td>com.employeeapi.testcases.TC01_GetAllEmployees@5fbe4146</td></tr>
<tr>
<td title='com.employeeapi.testcases.TC02_Get_Single_Employees_Record.statuscodecheck()'><b>statuscodecheck</b><br>Test class: com.employeeapi.testcases.TC02_Get_Single_Employees_Record</td>
<td></td>
<td>0</td>
<td>com.employeeapi.testcases.TC02_Get_Single_Employees_Record@1e66f1f5</td></tr>
<tr>
<td title='com.employeeapi.testcases.TC03_PostNewEmployee.statuscodecheck()'><b>statuscodecheck</b><br>Test class: com.employeeapi.testcases.TC03_PostNewEmployee</td>
<td></td>
<td>0</td>
<td>com.employeeapi.testcases.TC03_PostNewEmployee@4e50c791</td></tr>
<tr>
<td title='com.employeeapi.testcases.TC05_Delete_Employee_Record.statuscodecheck()'><b>statuscodecheck</b><br>Test class: com.employeeapi.testcases.TC05_Delete_Employee_Record</td>
<td></td>
<td>0</td>
<td>com.employeeapi.testcases.TC05_Delete_Employee_Record@58a9760d</td></tr>
<tr>
<td title='com.employeeapi.testcases.TC01_GetAllEmployees.statuslinecheck()'><b>statuslinecheck</b><br>Test class: com.employeeapi.testcases.TC01_GetAllEmployees</td>
<td></td>
<td>0</td>
<td>com.employeeapi.testcases.TC01_GetAllEmployees@5fbe4146</td></tr>
<tr>
<td title='com.employeeapi.testcases.TC02_Get_Single_Employees_Record.statuslinecheck()'><b>statuslinecheck</b><br>Test class: com.employeeapi.testcases.TC02_Get_Single_Employees_Record</td>
<td></td>
<td>0</td>
<td>com.employeeapi.testcases.TC02_Get_Single_Employees_Record@1e66f1f5</td></tr>
<tr>
<td title='com.employeeapi.testcases.TC03_PostNewEmployee.statuslinecheck()'><b>statuslinecheck</b><br>Test class: com.employeeapi.testcases.TC03_PostNewEmployee</td>
<td></td>
<td>0</td>
<td>com.employeeapi.testcases.TC03_PostNewEmployee@4e50c791</td></tr>
</table><p>
</body>
</html>