<?xml version="1.0" encoding="UTF-8"?>
<testng-results ignored="0" total="18" passed="14" failed="4" skipped="0">
  <reporter-output>
  </reporter-output>
  <suite started-at="2024-01-26T14:08:51Z" name="Suite" finished-at="2024-01-26T14:09:49Z" duration-ms="57972">
    <groups>
    </groups>
    <test started-at="2024-01-26T14:08:51Z" name="Test" finished-at="2024-01-26T14:09:49Z" duration-ms="57972">
      <class name="com.employeeapi.testcases.TC04_Put_Employee">
        <test-method is-config="true" signature="postNewEmployee()[pri:0, instance:com.employeeapi.testcases.TC04_Put_Employee@7530ad9c]" started-at="2024-01-26T19:39:17Z" name="postNewEmployee" finished-at="2024-01-26T19:39:34Z" duration-ms="16808" status="PASS">
          <reporter-output>
          </reporter-output>
        </test-method> <!-- postNewEmployee -->
        <test-method is-config="true" signature="setup()[pri:0, instance:com.employeeapi.testcases.TC04_Put_Employee@7530ad9c]" started-at="2024-01-26T19:39:17Z" name="setup" finished-at="2024-01-26T19:39:17Z" duration-ms="0" status="PASS">
          <reporter-output>
          </reporter-output>
        </test-method> <!-- setup -->
        <test-method signature="contenttypecheck()[pri:0, instance:com.employeeapi.testcases.TC04_Put_Employee@7530ad9c]" started-at="2024-01-26T19:39:34Z" name="contenttypecheck" finished-at="2024-01-26T19:39:34Z" duration-ms="7" status="FAIL">
          <exception class="java.lang.AssertionError">
            <message>
              <![CDATA[expected [application/json] but found [text/html; charset=utf-8]]]>
            </message>
            <full-stacktrace>
              <![CDATA[java.lang.AssertionError: expected [application/json] but found [text/html; charset=utf-8]at org.testng.Assert.fail(Assert.java:96)at org.testng.Assert.failNotEquals(Assert.java:776)at org.testng.Assert.assertEqualsImpl(Assert.java:137)at org.testng.Assert.assertEquals(Assert.java:118)at org.testng.Assert.assertEquals(Assert.java:453)at org.testng.Assert.assertEquals(Assert.java:463)at com.employeeapi.base.TestBase.checkContentType(TestBase.java:74)at com.employeeapi.testcases.TC04_Put_Employee.contenttypecheck(TC04_Put_Employee.java:58)at java.base/jdk.internal.reflect.NativeMethodAccessorImpl.invoke0(Native Method)at java.base/jdk.internal.reflect.NativeMethodAccessorImpl.invoke(NativeMethodAccessorImpl.java:62)at java.base/jdk.internal.reflect.DelegatingMethodAccessorImpl.invoke(DelegatingMethodAccessorImpl.java:43)at java.base/java.lang.reflect.Method.invoke(Method.java:566)at org.testng.internal.MethodInvocationHelper.invokeMethod(MethodInvocationHelper.java:124)at org.testng.internal.Invoker.invokeMethod(Invoker.java:571)at org.testng.internal.Invoker.invokeTestMethod(Invoker.java:707)at org.testng.internal.Invoker.invokeTestMethods(Invoker.java:979)at org.testng.internal.TestMethodWorker.invokeTestMethods(TestMethodWorker.java:125)at org.testng.internal.TestMethodWorker.run(TestMethodWorker.java:109)at org.testng.TestRunner.privateRun(TestRunner.java:648)at org.testng.TestRunner.run(TestRunner.java:505)at org.testng.SuiteRunner.runTest(SuiteRunner.java:455)at org.testng.SuiteRunner.runSequentially(SuiteRunner.java:450)at org.testng.SuiteRunner.privateRun(SuiteRunner.java:415)at org.testng.SuiteRunner.run(SuiteRunner.java:364)at org.testng.SuiteRunnerWorker.runSuite(SuiteRunnerWorker.java:52)at org.testng.SuiteRunnerWorker.run(SuiteRunnerWorker.java:84)at org.testng.TestNG.runSuitesSequentially(TestNG.java:1187)at org.testng.TestNG.runSuitesLocally(TestNG.java:1116)at org.testng.TestNG.runSuites(TestNG.java:1028)at org.testng.TestNG.run(TestNG.java:996)at org.testng.remote.AbstractRemoteTestNG.run(AbstractRemoteTestNG.java:114)at org.testng.remote.RemoteTestNG.initAndRun(RemoteTestNG.java:251)at org.testng.remote.RemoteTestNG.main(RemoteTestNG.java:77)]]>
            </full-stacktrace>
          </exception> <!-- java.lang.AssertionError -->
          <reporter-output>
          </reporter-output>
        </test-method> <!-- contenttypecheck -->
        <test-method signature="responsebodycheck()[pri:0, instance:com.employeeapi.testcases.TC04_Put_Employee@7530ad9c]" started-at="2024-01-26T19:39:34Z" name="responsebodycheck" finished-at="2024-01-26T19:39:34Z" duration-ms="15" status="PASS">
          <reporter-output>
          </reporter-output>
        </test-method> <!-- responsebodycheck -->
        <test-method signature="statuscodecheck()[pri:0, instance:com.employeeapi.testcases.TC04_Put_Employee@7530ad9c]" started-at="2024-01-26T19:39:34Z" name="statuscodecheck" finished-at="2024-01-26T19:39:34Z" duration-ms="16" status="FAIL">
          <exception class="java.lang.AssertionError">
            <message>
              <![CDATA[expected [200] but found [520]]]>
            </message>
            <full-stacktrace>
              <![CDATA[java.lang.AssertionError: expected [200] but found [520]at org.testng.Assert.fail(Assert.java:96)at org.testng.Assert.failNotEquals(Assert.java:776)at org.testng.Assert.assertEqualsImpl(Assert.java:137)at org.testng.Assert.assertEquals(Assert.java:118)at org.testng.Assert.assertEquals(Assert.java:652)at org.testng.Assert.assertEquals(Assert.java:662)at com.employeeapi.base.TestBase.checkstatuscode(TestBase.java:55)at com.employeeapi.testcases.TC04_Put_Employee.statuscodecheck(TC04_Put_Employee.java:46)at java.base/jdk.internal.reflect.NativeMethodAccessorImpl.invoke0(Native Method)at java.base/jdk.internal.reflect.NativeMethodAccessorImpl.invoke(NativeMethodAccessorImpl.java:62)at java.base/jdk.internal.reflect.DelegatingMethodAccessorImpl.invoke(DelegatingMethodAccessorImpl.java:43)at java.base/java.lang.reflect.Method.invoke(Method.java:566)at org.testng.internal.MethodInvocationHelper.invokeMethod(MethodInvocationHelper.java:124)at org.testng.internal.Invoker.invokeMethod(Invoker.java:571)at org.testng.internal.Invoker.invokeTestMethod(Invoker.java:707)at org.testng.internal.Invoker.invokeTestMethods(Invoker.java:979)at org.testng.internal.TestMethodWorker.invokeTestMethods(TestMethodWorker.java:125)at org.testng.internal.TestMethodWorker.run(TestMethodWorker.java:109)at org.testng.TestRunner.privateRun(TestRunner.java:648)at org.testng.TestRunner.run(TestRunner.java:505)at org.testng.SuiteRunner.runTest(SuiteRunner.java:455)at org.testng.SuiteRunner.runSequentially(SuiteRunner.java:450)at org.testng.SuiteRunner.privateRun(SuiteRunner.java:415)at org.testng.SuiteRunner.run(SuiteRunner.java:364)at org.testng.SuiteRunnerWorker.runSuite(SuiteRunnerWorker.java:52)at org.testng.SuiteRunnerWorker.run(SuiteRunnerWorker.java:84)at org.testng.TestNG.runSuitesSequentially(TestNG.java:1187)at org.testng.TestNG.runSuitesLocally(TestNG.java:1116)at org.testng.TestNG.runSuites(TestNG.java:1028)at org.testng.TestNG.run(TestNG.java:996)at org.testng.remote.AbstractRemoteTestNG.run(AbstractRemoteTestNG.java:114)at org.testng.remote.RemoteTestNG.initAndRun(RemoteTestNG.java:251)at org.testng.remote.RemoteTestNG.main(RemoteTestNG.java:77)]]>
            </full-stacktrace>
          </exception> <!-- java.lang.AssertionError -->
          <reporter-output>
          </reporter-output>
        </test-method> <!-- statuscodecheck -->
        <test-method signature="statuslinecheck()[pri:0, instance:com.employeeapi.testcases.TC04_Put_Employee@7530ad9c]" started-at="2024-01-26T19:39:34Z" name="statuslinecheck" finished-at="2024-01-26T19:39:34Z" duration-ms="0" status="FAIL">
          <exception class="java.lang.AssertionError">
            <message>
              <![CDATA[expected [HTTP/1.1 200 OK] but found [HTTP/1.1 520 status code 520]]]>
            </message>
            <full-stacktrace>
              <![CDATA[java.lang.AssertionError: expected [HTTP/1.1 200 OK] but found [HTTP/1.1 520 status code 520]at org.testng.Assert.fail(Assert.java:96)at org.testng.Assert.failNotEquals(Assert.java:776)at org.testng.Assert.assertEqualsImpl(Assert.java:137)at org.testng.Assert.assertEquals(Assert.java:118)at org.testng.Assert.assertEquals(Assert.java:453)at org.testng.Assert.assertEquals(Assert.java:463)at com.employeeapi.base.TestBase.checkstatusline(TestBase.java:65)at com.employeeapi.testcases.TC04_Put_Employee.statuslinecheck(TC04_Put_Employee.java:52)at java.base/jdk.internal.reflect.NativeMethodAccessorImpl.invoke0(Native Method)at java.base/jdk.internal.reflect.NativeMethodAccessorImpl.invoke(NativeMethodAccessorImpl.java:62)at java.base/jdk.internal.reflect.DelegatingMethodAccessorImpl.invoke(DelegatingMethodAccessorImpl.java:43)at java.base/java.lang.reflect.Method.invoke(Method.java:566)at org.testng.internal.MethodInvocationHelper.invokeMethod(MethodInvocationHelper.java:124)at org.testng.internal.Invoker.invokeMethod(Invoker.java:571)at org.testng.internal.Invoker.invokeTestMethod(Invoker.java:707)at org.testng.internal.Invoker.invokeTestMethods(Invoker.java:979)at org.testng.internal.TestMethodWorker.invokeTestMethods(TestMethodWorker.java:125)at org.testng.internal.TestMethodWorker.run(TestMethodWorker.java:109)at org.testng.TestRunner.privateRun(TestRunner.java:648)at org.testng.TestRunner.run(TestRunner.java:505)at org.testng.SuiteRunner.runTest(SuiteRunner.java:455)at org.testng.SuiteRunner.runSequentially(SuiteRunner.java:450)at org.testng.SuiteRunner.privateRun(SuiteRunner.java:415)at org.testng.SuiteRunner.run(SuiteRunner.java:364)at org.testng.SuiteRunnerWorker.runSuite(SuiteRunnerWorker.java:52)at org.testng.SuiteRunnerWorker.run(SuiteRunnerWorker.java:84)at org.testng.TestNG.runSuitesSequentially(TestNG.java:1187)at org.testng.TestNG.runSuitesLocally(TestNG.java:1116)at org.testng.TestNG.runSuites(TestNG.java:1028)at org.testng.TestNG.run(TestNG.java:996)at org.testng.remote.AbstractRemoteTestNG.run(AbstractRemoteTestNG.java:114)at org.testng.remote.RemoteTestNG.initAndRun(RemoteTestNG.java:251)at org.testng.remote.RemoteTestNG.main(RemoteTestNG.java:77)]]>
            </full-stacktrace>
          </exception> <!-- java.lang.AssertionError -->
          <reporter-output>
          </reporter-output>
        </test-method> <!-- statuslinecheck -->
        <test-method is-config="true" signature="tearDown()[pri:0, instance:com.employeeapi.testcases.TC04_Put_Employee@7530ad9c]" started-at="2024-01-26T19:39:34Z" name="tearDown" finished-at="2024-01-26T19:39:34Z" duration-ms="0" status="PASS">
          <reporter-output>
          </reporter-output>
        </test-method> <!-- tearDown -->
      </class> <!-- com.employeeapi.testcases.TC04_Put_Employee -->
      <class name="com.employeeapi.testcases.TC03_PostNewEmployee">
        <test-method is-config="true" signature="postNewEmployee()[pri:0, instance:com.employeeapi.testcases.TC03_PostNewEmployee@4e50c791]" started-at="2024-01-26T19:39:04Z" name="postNewEmployee" finished-at="2024-01-26T19:39:17Z" duration-ms="13314" status="PASS">
          <reporter-output>
          </reporter-output>
        </test-method> <!-- postNewEmployee -->
        <test-method is-config="true" signature="setup()[pri:0, instance:com.employeeapi.testcases.TC03_PostNewEmployee@4e50c791]" started-at="2024-01-26T19:39:04Z" name="setup" finished-at="2024-01-26T19:39:04Z" duration-ms="0" status="PASS">
          <reporter-output>
          </reporter-output>
        </test-method> <!-- setup -->
        <test-method signature="contenttypecheck()[pri:0, instance:com.employeeapi.testcases.TC03_PostNewEmployee@4e50c791]" started-at="2024-01-26T19:39:17Z" name="contenttypecheck" finished-at="2024-01-26T19:39:17Z" duration-ms="5" status="PASS">
          <reporter-output>
          </reporter-output>
        </test-method> <!-- contenttypecheck -->
        <test-method signature="statuscodecheck()[pri:0, instance:com.employeeapi.testcases.TC03_PostNewEmployee@4e50c791]" started-at="2024-01-26T19:39:17Z" name="statuscodecheck" finished-at="2024-01-26T19:39:17Z" duration-ms="16" status="PASS">
          <reporter-output>
          </reporter-output>
        </test-method> <!-- statuscodecheck -->
        <test-method signature="responsebodycheck()[pri:0, instance:com.employeeapi.testcases.TC03_PostNewEmployee@4e50c791]" started-at="2024-01-26T19:39:17Z" name="responsebodycheck" finished-at="2024-01-26T19:39:17Z" duration-ms="0" status="PASS">
          <reporter-output>
          </reporter-output>
        </test-method> <!-- responsebodycheck -->
        <test-method signature="statuslinecheck()[pri:0, instance:com.employeeapi.testcases.TC03_PostNewEmployee@4e50c791]" started-at="2024-01-26T19:39:17Z" name="statuslinecheck" finished-at="2024-01-26T19:39:17Z" duration-ms="0" status="PASS">
          <reporter-output>
          </reporter-output>
        </test-method> <!-- statuslinecheck -->
        <test-method is-config="true" signature="tearDown()[pri:0, instance:com.employeeapi.testcases.TC03_PostNewEmployee@4e50c791]" started-at="2024-01-26T19:39:17Z" name="tearDown" finished-at="2024-01-26T19:39:17Z" duration-ms="0" status="PASS">
          <reporter-output>
          </reporter-output>
        </test-method> <!-- tearDown -->
      </class> <!-- com.employeeapi.testcases.TC03_PostNewEmployee -->
      <class name="com.employeeapi.testcases.TC01_GetAllEmployees">
        <test-method is-config="true" signature="setup()[pri:0, instance:com.employeeapi.testcases.TC01_GetAllEmployees@5fbe4146]" started-at="2024-01-26T19:38:51Z" name="setup" finished-at="2024-01-26T19:38:52Z" duration-ms="906" status="PASS">
          <reporter-output>
          </reporter-output>
        </test-method> <!-- setup -->
        <test-method is-config="true" signature="getAllEmployess()[pri:0, instance:com.employeeapi.testcases.TC01_GetAllEmployees@5fbe4146]" started-at="2024-01-26T19:38:52Z" name="getAllEmployess" finished-at="2024-01-26T19:38:59Z" duration-ms="6638" status="PASS">
          <reporter-output>
          </reporter-output>
        </test-method> <!-- getAllEmployess -->
        <test-method signature="contenttypecheck()[pri:0, instance:com.employeeapi.testcases.TC01_GetAllEmployees@5fbe4146]" started-at="2024-01-26T19:38:59Z" name="contenttypecheck" finished-at="2024-01-26T19:38:59Z" duration-ms="21" status="PASS">
          <reporter-output>
          </reporter-output>
        </test-method> <!-- contenttypecheck -->
        <test-method signature="responsebodycheck()[pri:0, instance:com.employeeapi.testcases.TC01_GetAllEmployees@5fbe4146]" started-at="2024-01-26T19:38:59Z" name="responsebodycheck" finished-at="2024-01-26T19:38:59Z" duration-ms="31" status="PASS">
          <reporter-output>
          </reporter-output>
        </test-method> <!-- responsebodycheck -->
        <test-method signature="statuscodecheck()[pri:0, instance:com.employeeapi.testcases.TC01_GetAllEmployees@5fbe4146]" started-at="2024-01-26T19:38:59Z" name="statuscodecheck" finished-at="2024-01-26T19:38:59Z" duration-ms="0" status="PASS">
          <reporter-output>
          </reporter-output>
        </test-method> <!-- statuscodecheck -->
        <test-method signature="statuslinecheck()[pri:0, instance:com.employeeapi.testcases.TC01_GetAllEmployees@5fbe4146]" started-at="2024-01-26T19:38:59Z" name="statuslinecheck" finished-at="2024-01-26T19:38:59Z" duration-ms="15" status="PASS">
          <reporter-output>
          </reporter-output>
        </test-method> <!-- statuslinecheck -->
        <test-method is-config="true" signature="tearDown()[pri:0, instance:com.employeeapi.testcases.TC01_GetAllEmployees@5fbe4146]" started-at="2024-01-26T19:38:59Z" name="tearDown" finished-at="2024-01-26T19:38:59Z" duration-ms="0" status="PASS">
          <reporter-output>
          </reporter-output>
        </test-method> <!-- tearDown -->
      </class> <!-- com.employeeapi.testcases.TC01_GetAllEmployees -->
      <class name="com.employeeapi.testcases.TC02_Get_Single_Employees_Record">
        <test-method is-config="true" signature="getAllEmployess()[pri:0, instance:com.employeeapi.testcases.TC02_Get_Single_Employees_Record@1e66f1f5]" started-at="2024-01-26T19:38:59Z" name="getAllEmployess" finished-at="2024-01-26T19:39:04Z" duration-ms="5109" status="PASS">
          <reporter-output>
          </reporter-output>
        </test-method> <!-- getAllEmployess -->
        <test-method is-config="true" signature="setup()[pri:0, instance:com.employeeapi.testcases.TC02_Get_Single_Employees_Record@1e66f1f5]" started-at="2024-01-26T19:38:59Z" name="setup" finished-at="2024-01-26T19:38:59Z" duration-ms="0" status="PASS">
          <reporter-output>
          </reporter-output>
        </test-method> <!-- setup -->
        <test-method signature="contenttypecheck()[pri:0, instance:com.employeeapi.testcases.TC02_Get_Single_Employees_Record@1e66f1f5]" started-at="2024-01-26T19:39:04Z" name="contenttypecheck" finished-at="2024-01-26T19:39:04Z" duration-ms="8" status="PASS">
          <reporter-output>
          </reporter-output>
        </test-method> <!-- contenttypecheck -->
        <test-method signature="responsebodycheck()[pri:0, instance:com.employeeapi.testcases.TC02_Get_Single_Employees_Record@1e66f1f5]" started-at="2024-01-26T19:39:04Z" name="responsebodycheck" finished-at="2024-01-26T19:39:04Z" duration-ms="16" status="PASS">
          <reporter-output>
          </reporter-output>
        </test-method> <!-- responsebodycheck -->
        <test-method signature="statuscodecheck()[pri:0, instance:com.employeeapi.testcases.TC02_Get_Single_Employees_Record@1e66f1f5]" started-at="2024-01-26T19:39:04Z" name="statuscodecheck" finished-at="2024-01-26T19:39:04Z" duration-ms="0" status="PASS">
          <reporter-output>
          </reporter-output>
        </test-method> <!-- statuscodecheck -->
        <test-method is-config="true" signature="tearDown()[pri:0, instance:com.employeeapi.testcases.TC02_Get_Single_Employees_Record@1e66f1f5]" started-at="2024-01-26T19:39:04Z" name="tearDown" finished-at="2024-01-26T19:39:04Z" duration-ms="0" status="PASS">
          <reporter-output>
          </reporter-output>
        </test-method> <!-- tearDown -->
        <test-method signature="statuslinecheck()[pri:0, instance:com.employeeapi.testcases.TC02_Get_Single_Employees_Record@1e66f1f5]" started-at="2024-01-26T19:39:04Z" name="statuslinecheck" finished-at="2024-01-26T19:39:04Z" duration-ms="0" status="PASS">
          <reporter-output>
          </reporter-output>
        </test-method> <!-- statuslinecheck -->
      </class> <!-- com.employeeapi.testcases.TC02_Get_Single_Employees_Record -->
      <class name="com.employeeapi.testcases.TC05_Delete_Employee_Record">
        <test-method is-config="true" signature="setup()[pri:0, instance:com.employeeapi.testcases.TC05_Delete_Employee_Record@58a9760d]" started-at="2024-01-26T19:39:34Z" name="setup" finished-at="2024-01-26T19:39:34Z" duration-ms="0" status="PASS">
          <reporter-output>
          </reporter-output>
        </test-method> <!-- setup -->
        <test-method is-config="true" signature="deleteEmployee()[pri:0, instance:com.employeeapi.testcases.TC05_Delete_Employee_Record@58a9760d]" started-at="2024-01-26T19:39:34Z" name="deleteEmployee" finished-at="2024-01-26T19:39:49Z" duration-ms="14931" status="PASS">
          <reporter-output>
          </reporter-output>
        </test-method> <!-- deleteEmployee -->
        <test-method signature="responsebodycheck()[pri:0, instance:com.employeeapi.testcases.TC05_Delete_Employee_Record@58a9760d]" started-at="2024-01-26T19:39:49Z" name="responsebodycheck" finished-at="2024-01-26T19:39:49Z" duration-ms="7" status="FAIL">
          <exception class="java.lang.AssertionError">
            <message>
              <![CDATA[expected [true] but found [false]]]>
            </message>
            <full-stacktrace>
              <![CDATA[java.lang.AssertionError: expected [true] but found [false]at org.testng.Assert.fail(Assert.java:96)at org.testng.Assert.failNotEquals(Assert.java:776)at org.testng.Assert.assertEqualsImpl(Assert.java:137)at org.testng.Assert.assertEquals(Assert.java:118)at org.testng.Assert.assertEquals(Assert.java:568)at org.testng.Assert.assertEquals(Assert.java:578)at com.employeeapi.testcases.TC05_Delete_Employee_Record.responsebodycheck(TC05_Delete_Employee_Record.java:41)at java.base/jdk.internal.reflect.NativeMethodAccessorImpl.invoke0(Native Method)at java.base/jdk.internal.reflect.NativeMethodAccessorImpl.invoke(NativeMethodAccessorImpl.java:62)at java.base/jdk.internal.reflect.DelegatingMethodAccessorImpl.invoke(DelegatingMethodAccessorImpl.java:43)at java.base/java.lang.reflect.Method.invoke(Method.java:566)at org.testng.internal.MethodInvocationHelper.invokeMethod(MethodInvocationHelper.java:124)at org.testng.internal.Invoker.invokeMethod(Invoker.java:571)at org.testng.internal.Invoker.invokeTestMethod(Invoker.java:707)at org.testng.internal.Invoker.invokeTestMethods(Invoker.java:979)at org.testng.internal.TestMethodWorker.invokeTestMethods(TestMethodWorker.java:125)at org.testng.internal.TestMethodWorker.run(TestMethodWorker.java:109)at org.testng.TestRunner.privateRun(TestRunner.java:648)at org.testng.TestRunner.run(TestRunner.java:505)at org.testng.SuiteRunner.runTest(SuiteRunner.java:455)at org.testng.SuiteRunner.runSequentially(SuiteRunner.java:450)at org.testng.SuiteRunner.privateRun(SuiteRunner.java:415)at org.testng.SuiteRunner.run(SuiteRunner.java:364)at org.testng.SuiteRunnerWorker.runSuite(SuiteRunnerWorker.java:52)at org.testng.SuiteRunnerWorker.run(SuiteRunnerWorker.java:84)at org.testng.TestNG.runSuitesSequentially(TestNG.java:1187)at org.testng.TestNG.runSuitesLocally(TestNG.java:1116)at org.testng.TestNG.runSuites(TestNG.java:1028)at org.testng.TestNG.run(TestNG.java:996)at org.testng.remote.AbstractRemoteTestNG.run(AbstractRemoteTestNG.java:114)at org.testng.remote.RemoteTestNG.initAndRun(RemoteTestNG.java:251)at org.testng.remote.RemoteTestNG.main(RemoteTestNG.java:77)]]>
            </full-stacktrace>
          </exception> <!-- java.lang.AssertionError -->
          <reporter-output>
          </reporter-output>
        </test-method> <!-- responsebodycheck -->
        <test-method signature="statuscodecheck()[pri:0, instance:com.employeeapi.testcases.TC05_Delete_Employee_Record@58a9760d]" started-at="2024-01-26T19:39:49Z" name="statuscodecheck" finished-at="2024-01-26T19:39:49Z" duration-ms="0" status="PASS">
          <reporter-output>
          </reporter-output>
        </test-method> <!-- statuscodecheck -->
        <test-method is-config="true" signature="tearDown()[pri:0, instance:com.employeeapi.testcases.TC05_Delete_Employee_Record@58a9760d]" started-at="2024-01-26T19:39:49Z" name="tearDown" finished-at="2024-01-26T19:39:49Z" duration-ms="0" status="PASS">
          <reporter-output>
          </reporter-output>
        </test-method> <!-- tearDown -->
      </class> <!-- com.employeeapi.testcases.TC05_Delete_Employee_Record -->
    </test> <!-- Test -->
  </suite> <!-- Suite -->
</testng-results>
